  bg.cpp
  bgm.cpp
  Config.cpp
  Enemy.cpp
  Game.cpp
  Keyborad.cpp
  Keyborad2.cpp
C:\Users\nwuser.DA\Documents\gyalaga\Project1 - 神\Keyborad2.cpp(37,22): warning C4101: 'bakuhaimage': ローカル変数は 1 度も使われていません。
C:\Users\nwuser.DA\Documents\gyalaga\Project1 - 神\Keyborad2.cpp(33,42): warning C4101: 'image': ローカル変数は 1 度も使われていません。
  main.cpp
  Menu.cpp
C:\Users\nwuser.DA\Documents\gyalaga\Project1 - 神\Keyborad2.cpp(36,44): warning C4101: 'enemy': ローカル変数は 1 度も使われていません。
C:\Users\nwuser.DA\Documents\gyalaga\Project1 - 神\Menu.cpp(60,2): error C2065: 'PL1': 定義されていない識別子です。
C:\Users\nwuser.DA\Documents\gyalaga\Project1 - 神\Menu.cpp(60,41): error C2065: 'PL2': 定義されていない識別子です。
C:\Users\nwuser.DA\Documents\gyalaga\Project1 - 神\Menu.cpp(61,2): error C2065: 'PL1UP': 定義されていない識別子です。
C:\Users\nwuser.DA\Documents\gyalaga\Project1 - 神\Menu.cpp(61,40): error C2065: 'PL2UP': 定義されていない識別子です。
C:\Users\nwuser.DA\Documents\gyalaga\Project1 - 神\Menu.cpp(62,2): error C2065: 'HISCORE': 定義されていない識別子です。
C:\Users\nwuser.DA\Documents\gyalaga\Project1 - 神\Menu.cpp(63,2): error C2065: 'NAMUCO': 定義されていない識別子です。
C:\Users\nwuser.DA\Documents\gyalaga\Project1 - 神\Menu.cpp(65,25): error C2065: 'PL1': 定義されていない識別子です。
C:\Users\nwuser.DA\Documents\gyalaga\Project1 - 神\Menu.cpp(66,26): error C2065: 'PL2': 定義されていない識別子です。
C:\Users\nwuser.DA\Documents\gyalaga\Project1 - 神\Menu.cpp(67,26): error C2065: 'HISCORE': 定義されていない識別子です。
C:\Users\nwuser.DA\Documents\gyalaga\Project1 - 神\Menu.cpp(68,26): error C2065: 'PL1UP': 定義されていない識別子です。
C:\Users\nwuser.DA\Documents\gyalaga\Project1 - 神\Menu.cpp(69,26): error C2065: 'PL2UP': 定義されていない識別子です。
  Player.cpp
C:\Users\nwuser.DA\Documents\gyalaga\Project1 - 神\Menu.cpp(70,26): error C2065: 'NAMUCO': 定義されていない識別子です。
C:\Users\nwuser.DA\Documents\gyalaga\Project1 - 神\Player.cpp(146,26): warning C4805: '==': 演算中の 'int' 型と 'bool' 型の混用は安全ではありません
C:\Users\nwuser.DA\Documents\gyalaga\Project1 - 神\Player.cpp(269,25): warning C4805: '==': 演算中の 'int' 型と 'bool' 型の混用は安全ではありません
C:\Users\nwuser.DA\Documents\gyalaga\Project1 - 神\Player.cpp(30,38): warning C4101: 'sy2': ローカル変数は 1 度も使われていません。
C:\Users\nwuser.DA\Documents\gyalaga\Project1 - 神\Player.cpp(33,7): warning C4101: 'Simage': ローカル変数は 1 度も使われていません。
  SceneMgr.cpp
  Score.cpp
C:\Users\nwuser.DA\Documents\gyalaga\Project1 - 神\Player.cpp(30,27): warning C4101: 'sx2': ローカル変数は 1 度も使われていません。
C:\Users\nwuser.DA\Documents\gyalaga\Project1 - 神\Score.cpp(43,1): warning C4996: 'fopen': This function or variable may be unsafe. Consider using fopen_s instead. To disable deprecation, use _CRT_SECURE_NO_WARNINGS. See online help for details.
  コードを生成中...
C:\Program Files (x86)\Windows Kits\10\Include\10.0.18362.0\ucrt\stdio.h(208): message : 'fopen' の宣言を確認してください
